<?xml version="1.0" encoding="UTF-8"?>
<!-- Generated by org.testng.reporters.JUnitXMLReporter -->
<testsuite ignored="0" hostname="MacBook-Pro-de-Paola.local" failures="0" tests="5" name="Run Jenkins" time="31.754" errors="0" timestamp="2022-06-14T15:05:45 CST">
  <testcase classname="specs.login.Login" name="CreateAccount" time="2.201"/>
  <testcase classname="specs.login.Login" name="LoginUser" time="1.855"/>
  <testcase classname="specs.login.Login" name="NavigateSideMenuBar" time="3.051"/>
  <testcase classname="specs.login.Login" name="getBiggestAge" time="2.469"/>
  <testcase classname="specs.login.Login" name="getElementsList" time="2.554"/>
</testsuite> <!-- Run Jenkins -->
