<?xml version="1.0" encoding="UTF-8"?>
<testng-results ignored="0" total="5" passed="5" failed="0" skipped="0">
  <reporter-output>
  </reporter-output>
  <suite started-at="2022-06-14T15:05:14 CST" name="TestNG Examples" finished-at="2022-06-14T15:05:45 CST" duration-ms="31754">
    <groups>
    </groups>
    <test started-at="2022-06-14T15:05:14 CST" name="Run Jenkins" finished-at="2022-06-14T15:05:45 CST" duration-ms="31754">
      <class name="specs.login.Login">
        <test-method is-config="true" signature="initDriver()[pri:0, instance:specs.login.Login@117e949d]" started-at="2022-06-14T15:05:14 CST" name="initDriver" finished-at="2022-06-14T15:05:20 CST" duration-ms="6764" status="PASS">
          <reporter-output>
          </reporter-output>
        </test-method> <!-- initDriver -->
        <test-method signature="CreateAccount()[pri:0, instance:specs.login.Login@117e949d]" started-at="2022-06-14T15:05:20 CST" name="CreateAccount" finished-at="2022-06-14T15:05:23 CST" duration-ms="2201" status="PASS">
          <reporter-output>
          </reporter-output>
        </test-method> <!-- CreateAccount -->
        <test-method is-config="true" signature="closeDriver()[pri:0, instance:specs.login.Login@117e949d]" started-at="2022-06-14T15:05:23 CST" name="closeDriver" finished-at="2022-06-14T15:05:23 CST" duration-ms="140" status="PASS">
          <reporter-output>
          </reporter-output>
        </test-method> <!-- closeDriver -->
        <test-method is-config="true" signature="initDriver()[pri:0, instance:specs.login.Login@117e949d]" started-at="2022-06-14T15:05:23 CST" name="initDriver" finished-at="2022-06-14T15:05:26 CST" duration-ms="3260" status="PASS">
          <reporter-output>
          </reporter-output>
        </test-method> <!-- initDriver -->
        <test-method signature="LoginUser()[pri:0, instance:specs.login.Login@117e949d]" started-at="2022-06-14T15:05:26 CST" name="LoginUser" finished-at="2022-06-14T15:05:28 CST" duration-ms="1855" status="PASS">
          <reporter-output>
          </reporter-output>
        </test-method> <!-- LoginUser -->
        <test-method is-config="true" signature="closeDriver()[pri:0, instance:specs.login.Login@117e949d]" started-at="2022-06-14T15:05:28 CST" name="closeDriver" finished-at="2022-06-14T15:05:28 CST" duration-ms="114" status="PASS">
          <reporter-output>
          </reporter-output>
        </test-method> <!-- closeDriver -->
        <test-method is-config="true" signature="initDriver()[pri:0, instance:specs.login.Login@117e949d]" started-at="2022-06-14T15:05:28 CST" name="initDriver" finished-at="2022-06-14T15:05:31 CST" duration-ms="3329" status="PASS">
          <reporter-output>
          </reporter-output>
        </test-method> <!-- initDriver -->
        <test-method signature="NavigateSideMenuBar()[pri:0, instance:specs.login.Login@117e949d]" started-at="2022-06-14T15:05:31 CST" name="NavigateSideMenuBar" finished-at="2022-06-14T15:05:34 CST" duration-ms="3051" status="PASS">
          <reporter-output>
          </reporter-output>
        </test-method> <!-- NavigateSideMenuBar -->
        <test-method is-config="true" signature="closeDriver()[pri:0, instance:specs.login.Login@117e949d]" started-at="2022-06-14T15:05:34 CST" name="closeDriver" finished-at="2022-06-14T15:05:34 CST" duration-ms="109" status="PASS">
          <reporter-output>
          </reporter-output>
        </test-method> <!-- closeDriver -->
        <test-method is-config="true" signature="initDriver()[pri:0, instance:specs.login.Login@117e949d]" started-at="2022-06-14T15:05:34 CST" name="initDriver" finished-at="2022-06-14T15:05:38 CST" duration-ms="3281" status="PASS">
          <reporter-output>
          </reporter-output>
        </test-method> <!-- initDriver -->
        <test-method signature="getBiggestAge()[pri:0, instance:specs.login.Login@117e949d]" started-at="2022-06-14T15:05:38 CST" name="getBiggestAge" finished-at="2022-06-14T15:05:40 CST" duration-ms="2469" status="PASS">
          <reporter-output>
          </reporter-output>
        </test-method> <!-- getBiggestAge -->
        <test-method is-config="true" signature="closeDriver()[pri:0, instance:specs.login.Login@117e949d]" started-at="2022-06-14T15:05:40 CST" name="closeDriver" finished-at="2022-06-14T15:05:40 CST" duration-ms="112" status="PASS">
          <reporter-output>
          </reporter-output>
        </test-method> <!-- closeDriver -->
        <test-method is-config="true" signature="initDriver()[pri:0, instance:specs.login.Login@117e949d]" started-at="2022-06-14T15:05:40 CST" name="initDriver" finished-at="2022-06-14T15:05:43 CST" duration-ms="2348" status="PASS">
          <reporter-output>
          </reporter-output>
        </test-method> <!-- initDriver -->
        <test-method signature="getElementsList()[pri:0, instance:specs.login.Login@117e949d]" started-at="2022-06-14T15:05:43 CST" name="getElementsList" finished-at="2022-06-14T15:05:45 CST" duration-ms="2554" status="PASS">
          <reporter-output>
          </reporter-output>
        </test-method> <!-- getElementsList -->
        <test-method is-config="true" signature="closeDriver()[pri:0, instance:specs.login.Login@117e949d]" started-at="2022-06-14T15:05:45 CST" name="closeDriver" finished-at="2022-06-14T15:05:45 CST" duration-ms="110" status="PASS">
          <reporter-output>
          </reporter-output>
        </test-method> <!-- closeDriver -->
      </class> <!-- specs.login.Login -->
    </test> <!-- Run Jenkins -->
  </suite> <!-- TestNG Examples -->
</testng-results>
